[debug] [2020-08-02T20:16:42.782Z] ----------------------------------------------------------------------
[debug] [2020-08-02T20:16:42.784Z] Command:       C:\Program Files\nodejs\node.exe C:\Users\Ervin\AppData\Roaming\npm\node_modules\firebase-tools\lib\bin\firebase.js init
[debug] [2020-08-02T20:16:42.784Z] CLI Version:   8.6.0
[debug] [2020-08-02T20:16:42.784Z] Platform:      win32
[debug] [2020-08-02T20:16:42.784Z] Node Version:  v12.16.2
[debug] [2020-08-02T20:16:42.785Z] Time:          Sun Aug 02 2020 14:16:42 GMT-0600 (GMT-06:00)
[debug] [2020-08-02T20:16:42.785Z] ----------------------------------------------------------------------
[debug] [2020-08-02T20:16:42.785Z] 
[debug] [2020-08-02T20:16:42.790Z] > command requires scopes: ["email","openid","https://www.googleapis.com/auth/cloudplatformprojects.readonly","https://www.googleapis.com/auth/firebase","https://www.googleapis.com/auth/cloud-platform"]
[debug] [2020-08-02T20:16:42.791Z] > authorizing via signed-in user
[info] 
     ######## #### ########  ######## ########     ###     ######  ########
     ##        ##  ##     ## ##       ##     ##  ##   ##  ##       ##
     ######    ##  ########  ######   ########  #########  ######  ######
     ##        ##  ##    ##  ##       ##     ## ##     ##       ## ##
     ##       #### ##     ## ######## ########  ##     ##  ######  ########

You're about to initialize a Firebase project in this directory:

  C:\ProductoFirebaseRepo\ProductsFirebase

Before we get started, keep in mind:

  * You are currently outside your home directory

